{
  "RSpec": {
    "coverage": {
      "/home/reflective-game-6033/tic-tac-toe-rb-online-web-sp-000/lib/tic_tac_toe.rb": [
        null,
        1,
        null,
        null,
        null,
        null,
        null,
        null,
        null,
        null,
        null,
        1,
        22,
        22,
        22,
        22,
        22,
        null,
        null,
        1,
        21,
        null,
        null,
        1,
        20,
        null,
        null,
        1,
        101,
        null,
        null,
        1,
        21,
        18,
        null,
        null,
        null,
        null,
        1,
        18,
        18,
        null,
        18,
        18,
        17,
        17,
        null,
        1,
        null,
        null,
        null,
        1,
        2,
        2,
        18,
        5,
        null,
        null,
        2,
        null,
        null,
        1,
        1,
        null,
        null,
        1,
        42,
        213,
        null,
        null,
        null,
        null,
        null,
        1,
        132,
        null,
        null,
        1,
        10,
        null,
        null,
        1,
        19,
        null,
        null,
        1,
        9,
        8,
        null,
        null,
        null,
        1,
        12,
        12,
        7,
        5,
        2,
        null,
        null,
        null,
        null,
        null,
        null
      ]
    },
    "timestamp": 1576361945
  }
}
