{
  "RSpec": {
    "coverage": {
      "/home/reflective-game-6033/tic-tac-toe-rb-online-web-sp-000/lib/tic_tac_toe.rb": [
        null,
        1,
        null,
        null,
        null,
        null,
        null,
        null,
        null,
        null,
        null,
        1,
        30,
        30,
        30,
        30,
        30,
        null,
        null,
        1,
        44437,
        null,
        null,
        1,
        28,
        null,
        null,
        1,
        44446,
        null,
        null,
        1,
        44437,
        26,
        null,
        null,
        null,
        null,
        1,
        44444,
        44438,
        null,
        44434,
        44434,
        25,
        25,
        null,
        44409,
        null,
        null,
        null,
        1,
        2,
        2,
        18,
        5,
        null,
        null,
        2,
        null,
        null,
        1,
        1,
        null,
        null,
        1,
        10,
        70,
        null,
        null,
        null,
        null,
        null,
        1,
        59,
        null,
        null,
        1,
        5,
        null,
        null,
        1,
        3,
        null,
        null,
        1,
        3,
        2,
        null,
        null,
        null,
        1,
        12,
        12,
        35,
        23,
        null,
        null,
        null,
        null,
        null,
        null
      ]
    },
    "timestamp": 1576361307
  }
}
